11/20/2017 4:54:08 PM	This log contains information about the import schema operation into project 'FakultetDB' on computer 'INSPIRON' by user 'S'.
11/20/2017 4:54:08 PM	Import of database schema has started.
11/20/2017 4:54:16 PM	Gathering database credentials
11/20/2017 4:54:16 PM	Gathering database options
11/20/2017 4:54:16 PM	Gathering generic database scoped configuration option
11/20/2017 4:54:16 PM	Gathering users
11/20/2017 4:54:16 PM	Gathering roles
11/20/2017 4:54:16 PM	Gathering application roles
11/20/2017 4:54:16 PM	Gathering role memberships
11/20/2017 4:54:16 PM	Gathering filegroups
11/20/2017 4:54:16 PM	Gathering full-text catalogs
11/20/2017 4:54:16 PM	Gathering assemblies
11/20/2017 4:54:16 PM	Gathering certificates
11/20/2017 4:54:16 PM	Gathering asymmetric keys
11/20/2017 4:54:16 PM	Gathering symmetric keys
11/20/2017 4:54:16 PM	Gathering encrypted symmetric keys
11/20/2017 4:54:16 PM	Gathering schemas
11/20/2017 4:54:16 PM	Gathering XML schema collections
11/20/2017 4:54:16 PM	Gathering user-defined data types
11/20/2017 4:54:16 PM	Gathering user-defined types
11/20/2017 4:54:16 PM	Gathering table types
11/20/2017 4:54:16 PM	Gathering unique keys for table types
11/20/2017 4:54:16 PM	Gathering primary keys for table types
11/20/2017 4:54:16 PM	Gathering indexes for table types
11/20/2017 4:54:16 PM	Gathering check constraints for table types
11/20/2017 4:54:16 PM	Gathering default constraints for table types
11/20/2017 4:54:16 PM	Gathering partition functions
11/20/2017 4:54:16 PM	Gathering partition schemes
11/20/2017 4:54:16 PM	Gathering functions
11/20/2017 4:54:16 PM	Gathering encrypted functions
11/20/2017 4:54:16 PM	Gathering aggregates
11/20/2017 4:54:16 PM	Gathering procedures
11/20/2017 4:54:16 PM	Gathering encrypted procedures
11/20/2017 4:54:16 PM	Gathering tables
11/20/2017 4:54:16 PM	Gathering primary keys
11/20/2017 4:54:16 PM	Gathering unique constraints
11/20/2017 4:54:16 PM	Gathering foreign keys
11/20/2017 4:54:16 PM	Gathering default constraints
11/20/2017 4:54:16 PM	Gathering check constraints
11/20/2017 4:54:16 PM	Gathering views
11/20/2017 4:54:16 PM	Gathering encrypted views
11/20/2017 4:54:16 PM	Gathering indexes
11/20/2017 4:54:16 PM	Gathering statistics
11/20/2017 4:54:16 PM	Gathering full-text index stoplists
11/20/2017 4:54:16 PM	Gathering search property lists
11/20/2017 4:54:16 PM	Gathering search properties
11/20/2017 4:54:16 PM	Gathering full-text indexes
11/20/2017 4:54:16 PM	Gathering column store indexes
11/20/2017 4:54:16 PM	Gathering spatial indexes
11/20/2017 4:54:16 PM	Gathering XML indexes
11/20/2017 4:54:16 PM	Gathering Selective XML indexes
11/20/2017 4:54:16 PM	Gathering encrypted triggers
11/20/2017 4:54:16 PM	Gathering triggers
11/20/2017 4:54:16 PM	Gathering encrypted and clr ddl triggers
11/20/2017 4:54:16 PM	Gathering ddl triggers
11/20/2017 4:54:16 PM	Gathering synonyms
11/20/2017 4:54:16 PM	Gathering defaults
11/20/2017 4:54:16 PM	Gathering data constraint uddt bindings
11/20/2017 4:54:16 PM	Gathering rules
11/20/2017 4:54:16 PM	Gathering data constraint uddt bindings
11/20/2017 4:54:16 PM	Gathering message types
11/20/2017 4:54:16 PM	Gathering queues
11/20/2017 4:54:16 PM	Gathering contracts
11/20/2017 4:54:16 PM	Gathering services
11/20/2017 4:54:16 PM	Gathering event notifications
11/20/2017 4:54:16 PM	Gathering remote service bindings
11/20/2017 4:54:16 PM	Gathering broker priorities
11/20/2017 4:54:16 PM	Gathering signatures
11/20/2017 4:54:16 PM	Gathering data compression options
11/20/2017 4:54:16 PM	Gathering sequence types
11/20/2017 4:54:16 PM	Gathering security policies
11/20/2017 4:54:16 PM	Gather column encryption keys
11/20/2017 4:54:16 PM	Gathering column master keys
11/20/2017 4:54:16 PM	Gathering external data sources
11/20/2017 4:54:16 PM	Gathering external file formats
11/20/2017 4:54:16 PM	Gathering external tables
11/20/2017 4:54:16 PM	Gathering extended properties
11/20/2017 4:54:16 PM	Gathering credentials
11/20/2017 4:54:16 PM	Gathering logins
11/20/2017 4:54:16 PM	Gathering server audits
11/20/2017 4:54:17 PM	Scanning project for duplicate elements
11/20/2017 4:54:17 PM	Finished duplicate element processing
11/20/2017 4:54:17 PM	Finished importing database.
11/20/2017 4:54:17 PM	A summary of the import was saved to the following location: C:\Users\S\Documents\SanjaHrenovica17583Zadaca3\FakultetDB\Import Schema Logs\FakultetDB_20171120035408.log
11/20/2017 4:54:17 PM	Click Finish to continue...
